=== Ballistic Daily Run Wed Apr  1 08:00:01 PDT 2026 ===
/Users/osvaldoruiz/GitHub/ballistic/venv/lib/python3.9/site-packages/urllib3/__init__.py:35: NotOpenSSLWarning: urllib3 v2 only supports OpenSSL 1.1.1+, currently the 'ssl' module is compiled with 'LibreSSL 2.8.3'. See: https://github.com/urllib3/urllib3/issues/3020
  warnings.warn(
=== Ballistic Daily Run Wed Apr  1 08:00:05 PDT 2026 ===
/Users/osvaldoruiz/GitHub/ballistic/venv/lib/python3.9/site-packages/urllib3/__init__.py:35: NotOpenSSLWarning: urllib3 v2 only supports OpenSSL 1.1.1+, currently the 'ssl' module is compiled with 'LibreSSL 2.8.3'. See: https://github.com/urllib3/urllib3/issues/3020
  warnings.warn(
[2026-04-01 08:00] Starting daily predictions job...
  Loading game predictions...
  Games loaded: 15
  Loading batter props...
  Props loaded: 10
  Building email...
  Sending to oruiz.code@gmail.com...
  Email sent successfully.
Done.
=== Done Wed Apr  1 08:00:28 PDT 2026 ===
[2026-04-01 08:00] Starting daily predictions job...
  Loading game predictions...
  Games loaded: 15
  Loading batter props...
  Props loaded: 10
  Building email...
  Sending to oruiz.code@gmail.com...
  Email sent successfully.
Done.
=== Done Wed Apr  1 08:00:28 PDT 2026 ===
